Flow report for Uart1
Sun Aug 17 15:18:48 2025
Quartus Prime Version 24.1std.0 Build 1077 03/04/2025 SC Lite Edition


---------------------
; Table of Contents ;
---------------------
  1. Legal Notice
  2. Flow Summary
  3. Flow Settings
  4. Flow Non-Default Global Settings
  5. Flow Elapsed Time
  6. Flow OS Summary
  7. Flow Log
  8. Flow Messages
  9. Flow Suppressed Messages



----------------
; Legal Notice ;
----------------
Copyright (C) 2025  Altera Corporation. All rights reserved.
Your use of Altera Corporation's design tools, logic functions 
and other software and tools, and any partner logic 
functions, and any output files from any of the foregoing 
(including device programming or simulation files), and any 
associated documentation or information are expressly subject 
to the terms and conditions of the Altera Program License 
Subscription Agreement, the Altera Quartus Prime License Agreement,
the Altera IP License Agreement, or other applicable license
agreement, including, without limitation, that your use is for
the sole purpose of programming logic devices manufactured by
Altera and sold by Altera or its authorized distributors.  Please
refer to the Altera Software License Subscription Agreements 
on the Quartus Prime software download page.



+--------------------------------------------------------------------------------------+
; Flow Summary                                                                         ;
+------------------------------------+-------------------------------------------------+
; Flow Status                        ; Successful - Sun Aug 17 15:18:48 2025           ;
; Quartus Prime Version              ; 24.1std.0 Build 1077 03/04/2025 SC Lite Edition ;
; Revision Name                      ; Uart1                                           ;
; Top-level Entity Name              ; UartSend                                        ;
; Family                             ; Cyclone IV E                                    ;
; Device                             ; EP4CE115F29C7                                   ;
; Timing Models                      ; Final                                           ;
; Total logic elements               ; 95 / 114,480 ( < 1 % )                          ;
;     Total combinational functions  ; 91 / 114,480 ( < 1 % )                          ;
;     Dedicated logic registers      ; 64 / 114,480 ( < 1 % )                          ;
; Total registers                    ; 64                                              ;
; Total pins                         ; 3 / 529 ( < 1 % )                               ;
; Total virtual pins                 ; 0                                               ;
; Total memory bits                  ; 0 / 3,981,312 ( 0 % )                           ;
; Embedded Multiplier 9-bit elements ; 0 / 532 ( 0 % )                                 ;
; Total PLLs                         ; 0 / 4 ( 0 % )                                   ;
+------------------------------------+-------------------------------------------------+


+-----------------------------------------+
; Flow Settings                           ;
+-------------------+---------------------+
; Option            ; Setting             ;
+-------------------+---------------------+
; Start date & time ; 08/17/2025 15:18:31 ;
; Main task         ; Compilation         ;
; Revision Name     ; Uart1               ;
+-------------------+---------------------+


+-------------------------------------------------------------------------------------------------------------------------------+
; Flow Non-Default Global Settings                                                                                              ;
+--------------------------------------+----------------------------------------+---------------+-------------+-----------------+
; Assignment Name                      ; Value                                  ; Default Value ; Entity Name ; Section Id      ;
+--------------------------------------+----------------------------------------+---------------+-------------+-----------------+
; COMPILER_SIGNATURE_ID                ; 1097618647201.175541511124108          ; --            ; --          ; --              ;
; EDA_DESIGN_INSTANCE_NAME             ; NA                                     ; --            ; --          ; uart_tx_byte_tb ;
; EDA_DESIGN_INSTANCE_NAME             ; NA                                     ; --            ; --          ; UartSend_tb     ;
; EDA_EXTRA_ELAB_OPTION                ; -voptargs=+acc                         ; --            ; --          ; eda_simulation  ;
; EDA_NATIVELINK_SIMULATION_TEST_BENCH ; UartSend_tb                            ; --            ; --          ; eda_simulation  ;
; EDA_OUTPUT_DATA_FORMAT               ; Verilog Hdl                            ; --            ; --          ; eda_simulation  ;
; EDA_SIMULATION_TOOL                  ; QuestaSim (Verilog)                    ; <None>        ; --          ; --              ;
; EDA_TEST_BENCH_ENABLE_STATUS         ; TEST_BENCH_MODE                        ; --            ; --          ; eda_simulation  ;
; EDA_TEST_BENCH_FILE                  ; uart_tx_byte_tb.v                      ; --            ; --          ; uart_tx_byte_tb ;
; EDA_TEST_BENCH_FILE                  ; UartSend_tb.v                          ; --            ; --          ; UartSend_tb     ;
; EDA_TEST_BENCH_MODULE_NAME           ; uart_tx_byte_tb                        ; --            ; --          ; uart_tx_byte_tb ;
; EDA_TEST_BENCH_MODULE_NAME           ; UartSend_tb                            ; --            ; --          ; UartSend_tb     ;
; EDA_TEST_BENCH_NAME                  ; uart_tx_byte_tb                        ; --            ; --          ; eda_simulation  ;
; EDA_TEST_BENCH_NAME                  ; UartSend_tb                            ; --            ; --          ; eda_simulation  ;
; EDA_TIME_SCALE                       ; 1 ps                                   ; --            ; --          ; eda_simulation  ;
; MAX_CORE_JUNCTION_TEMP               ; 85                                     ; --            ; --          ; --              ;
; MIN_CORE_JUNCTION_TEMP               ; 0                                      ; --            ; --          ; --              ;
; NOMINAL_CORE_SUPPLY_VOLTAGE          ; 1.2V                                   ; --            ; --          ; --              ;
; PARTITION_COLOR                      ; -- (Not supported for targeted family) ; --            ; UartSend    ; Top             ;
; PARTITION_FITTER_PRESERVATION_LEVEL  ; -- (Not supported for targeted family) ; --            ; UartSend    ; Top             ;
; PARTITION_NETLIST_TYPE               ; -- (Not supported for targeted family) ; --            ; UartSend    ; Top             ;
; POWER_BOARD_THERMAL_MODEL            ; None (CONSERVATIVE)                    ; --            ; --          ; --              ;
; POWER_PRESET_COOLING_SOLUTION        ; 23 MM HEAT SINK WITH 200 LFPM AIRFLOW  ; --            ; --          ; --              ;
; PROJECT_OUTPUT_DIRECTORY             ; output_files                           ; --            ; --          ; --              ;
; TOP_LEVEL_ENTITY                     ; UartSend                               ; Uart1         ; --          ; --              ;
+--------------------------------------+----------------------------------------+---------------+-------------+-----------------+


+--------------------------------------------------------------------------------------------------------------------------+
; Flow Elapsed Time                                                                                                        ;
+----------------------+--------------+-------------------------+---------------------+------------------------------------+
; Module Name          ; Elapsed Time ; Average Processors Used ; Peak Virtual Memory ; Total CPU Time (on all processors) ;
+----------------------+--------------+-------------------------+---------------------+------------------------------------+
; Analysis & Synthesis ; 00:00:04     ; 1.0                     ; 4850 MB             ; 00:00:11                           ;
; Fitter               ; 00:00:07     ; 1.0                     ; 6714 MB             ; 00:00:18                           ;
; Assembler            ; 00:00:01     ; 1.0                     ; 4706 MB             ; 00:00:01                           ;
; Timing Analyzer      ; 00:00:01     ; 1.1                     ; 4959 MB             ; 00:00:01                           ;
; EDA Netlist Writer   ; 00:00:00     ; 1.0                     ; 4654 MB             ; 00:00:00                           ;
; Total                ; 00:00:13     ; --                      ; --                  ; 00:00:31                           ;
+----------------------+--------------+-------------------------+---------------------+------------------------------------+


+------------------------------------------------------------------------------------+
; Flow OS Summary                                                                    ;
+----------------------+------------------+------------+------------+----------------+
; Module Name          ; Machine Hostname ; OS Name    ; OS Version ; Processor type ;
+----------------------+------------------+------------+------------+----------------+
; Analysis & Synthesis ; DESKTOP-P5CEPCJ  ; Windows 10 ; 10.0       ; x86_64         ;
; Fitter               ; DESKTOP-P5CEPCJ  ; Windows 10 ; 10.0       ; x86_64         ;
; Assembler            ; DESKTOP-P5CEPCJ  ; Windows 10 ; 10.0       ; x86_64         ;
; Timing Analyzer      ; DESKTOP-P5CEPCJ  ; Windows 10 ; 10.0       ; x86_64         ;
; EDA Netlist Writer   ; DESKTOP-P5CEPCJ  ; Windows 10 ; 10.0       ; x86_64         ;
+----------------------+------------------+------------+------------+----------------+


------------
; Flow Log ;
------------
quartus_map --read_settings_files=on --write_settings_files=off Uart1 -c Uart1
quartus_fit --read_settings_files=off --write_settings_files=off Uart1 -c Uart1
quartus_asm --read_settings_files=off --write_settings_files=off Uart1 -c Uart1
quartus_sta Uart1 -c Uart1
quartus_eda --read_settings_files=off --write_settings_files=off Uart1 -c Uart1



